::1 - - [12/Jul/2016:12:38:06 +0000] "GET / HTTP/1.1" 200 254521 "-" "Mozilla/5.0 (Windows NT 10.0; WOW64) AppleWebKit/537.36 (KHTML, like Gecko) Chrome/51.0.2704.103 Safari/537.36"
::1 - - [12/Jul/2016:12:38:06 +0000] "GET /style.css HTTP/1.1" 304 - "http://localhost:3000/" "Mozilla/5.0 (Windows NT 10.0; WOW64) AppleWebKit/537.36 (KHTML, like Gecko) Chrome/51.0.2704.103 Safari/537.36"
::1 - - [12/Jul/2016:12:38:06 +0000] "GET /stylesheets/ionicons.min.css HTTP/1.1" 304 - "http://localhost:3000/" "Mozilla/5.0 (Windows NT 10.0; WOW64) AppleWebKit/537.36 (KHTML, like Gecko) Chrome/51.0.2704.103 Safari/537.36"
::1 - - [12/Jul/2016:12:38:06 +0000] "GET /stylesheets/isotope.css HTTP/1.1" 304 - "http://localhost:3000/" "Mozilla/5.0 (Windows NT 10.0; WOW64) AppleWebKit/537.36 (KHTML, like Gecko) Chrome/51.0.2704.103 Safari/537.36"
::1 - - [12/Jul/2016:12:38:06 +0000] "GET /css/bootstrap.min.css HTTP/1.1" 304 - "http://localhost:3000/" "Mozilla/5.0 (Windows NT 10.0; WOW64) AppleWebKit/537.36 (KHTML, like Gecko) Chrome/51.0.2704.103 Safari/537.36"
::1 - - [12/Jul/2016:12:38:06 +0000] "GET /stylesheets/venobox.css HTTP/1.1" 304 - "http://localhost:3000/" "Mozilla/5.0 (Windows NT 10.0; WOW64) AppleWebKit/537.36 (KHTML, like Gecko) Chrome/51.0.2704.103 Safari/537.36"
::1 - - [12/Jul/2016:12:38:06 +0000] "GET /stylesheets/owl.carousel.css HTTP/1.1" 304 - "http://localhost:3000/" "Mozilla/5.0 (Windows NT 10.0; WOW64) AppleWebKit/537.36 (KHTML, like Gecko) Chrome/51.0.2704.103 Safari/537.36"
::1 - - [12/Jul/2016:12:38:06 +0000] "GET /stylesheets/sidepanel.css HTTP/1.1" 304 - "http://localhost:3000/" "Mozilla/5.0 (Windows NT 10.0; WOW64) AppleWebKit/537.36 (KHTML, like Gecko) Chrome/51.0.2704.103 Safari/537.36"
::1 - - [12/Jul/2016:12:38:06 +0000] "GET /stylesheets/elements.css HTTP/1.1" 304 - "http://localhost:3000/" "Mozilla/5.0 (Windows NT 10.0; WOW64) AppleWebKit/537.36 (KHTML, like Gecko) Chrome/51.0.2704.103 Safari/537.36"
::1 - - [12/Jul/2016:12:38:06 +0000] "GET /stylesheets/slimmenu.css HTTP/1.1" 304 - "http://localhost:3000/" "Mozilla/5.0 (Windows NT 10.0; WOW64) AppleWebKit/537.36 (KHTML, like Gecko) Chrome/51.0.2704.103 Safari/537.36"
::1 - - [12/Jul/2016:12:38:06 +0000] "GET /stylesheets/main.css HTTP/1.1" 304 - "http://localhost:3000/" "Mozilla/5.0 (Windows NT 10.0; WOW64) AppleWebKit/537.36 (KHTML, like Gecko) Chrome/51.0.2704.103 Safari/537.36"
::1 - - [12/Jul/2016:12:38:06 +0000] "GET /stylesheets/main-bg.css HTTP/1.1" 304 - "http://localhost:3000/" "Mozilla/5.0 (Windows NT 10.0; WOW64) AppleWebKit/537.36 (KHTML, like Gecko) Chrome/51.0.2704.103 Safari/537.36"
::1 - - [12/Jul/2016:12:38:06 +0000] "GET /stylesheets/main-responsive.css HTTP/1.1" 304 - "http://localhost:3000/" "Mozilla/5.0 (Windows NT 10.0; WOW64) AppleWebKit/537.36 (KHTML, like Gecko) Chrome/51.0.2704.103 Safari/537.36"
::1 - - [12/Jul/2016:12:38:08 +0000] "GET /home.js HTTP/1.1" 304 - "http://localhost:3000/" "Mozilla/5.0 (Windows NT 10.0; WOW64) AppleWebKit/537.36 (KHTML, like Gecko) Chrome/51.0.2704.103 Safari/537.36"
::1 - - [12/Jul/2016:12:38:08 +0000] "GET /jquery.min.js HTTP/1.1" 304 - "http://localhost:3000/" "Mozilla/5.0 (Windows NT 10.0; WOW64) AppleWebKit/537.36 (KHTML, like Gecko) Chrome/51.0.2704.103 Safari/537.36"
::1 - - [12/Jul/2016:12:38:08 +0000] "GET /api/rooms HTTP/1.1" 304 - "http://localhost:3000/" "Mozilla/5.0 (Windows NT 10.0; WOW64) AppleWebKit/537.36 (KHTML, like Gecko) Chrome/51.0.2704.103 Safari/537.36"
::1 - - [12/Jul/2016:12:38:08 +0000] "GET /api/rooms/f2754172-1c58-41ed-ae84-74e046888adb/messages HTTP/1.1" 304 - "http://localhost:3000/" "Mozilla/5.0 (Windows NT 10.0; WOW64) AppleWebKit/537.36 (KHTML, like Gecko) Chrome/51.0.2704.103 Safari/537.36"
::1 - - [24/Jul/2016:08:22:13 +0000] "GET / HTTP/1.1" 200 254518 "-" "Mozilla/5.0 (Windows NT 10.0; WOW64) AppleWebKit/537.36 (KHTML, like Gecko) Chrome/51.0.2704.106 Safari/537.36"
::1 - - [24/Jul/2016:08:22:14 +0000] "GET /style.css HTTP/1.1" 200 74 "http://localhost:3000/" "Mozilla/5.0 (Windows NT 10.0; WOW64) AppleWebKit/537.36 (KHTML, like Gecko) Chrome/51.0.2704.106 Safari/537.36"
::1 - - [24/Jul/2016:08:22:14 +0000] "GET /css/bootstrap.min.css HTTP/1.1" 200 121260 "http://localhost:3000/" "Mozilla/5.0 (Windows NT 10.0; WOW64) AppleWebKit/537.36 (KHTML, like Gecko) Chrome/51.0.2704.106 Safari/537.36"
::1 - - [24/Jul/2016:08:22:14 +0000] "GET /stylesheets/ionicons.min.css HTTP/1.1" 200 51338 "http://localhost:3000/" "Mozilla/5.0 (Windows NT 10.0; WOW64) AppleWebKit/537.36 (KHTML, like Gecko) Chrome/51.0.2704.106 Safari/537.36"
::1 - - [24/Jul/2016:08:22:14 +0000] "GET /stylesheets/isotope.css HTTP/1.1" 200 1211 "http://localhost:3000/" "Mozilla/5.0 (Windows NT 10.0; WOW64) AppleWebKit/537.36 (KHTML, like Gecko) Chrome/51.0.2704.106 Safari/537.36"
::1 - - [24/Jul/2016:08:22:14 +0000] "GET /stylesheets/venobox.css HTTP/1.1" 200 8590 "http://localhost:3000/" "Mozilla/5.0 (Windows NT 10.0; WOW64) AppleWebKit/537.36 (KHTML, like Gecko) Chrome/51.0.2704.106 Safari/537.36"
::1 - - [24/Jul/2016:08:22:14 +0000] "GET /stylesheets/owl.carousel.css HTTP/1.1" 200 6494 "http://localhost:3000/" "Mozilla/5.0 (Windows NT 10.0; WOW64) AppleWebKit/537.36 (KHTML, like Gecko) Chrome/51.0.2704.106 Safari/537.36"
::1 - - [24/Jul/2016:08:22:14 +0000] "GET /stylesheets/sidepanel.css HTTP/1.1" 200 3693 "http://localhost:3000/" "Mozilla/5.0 (Windows NT 10.0; WOW64) AppleWebKit/537.36 (KHTML, like Gecko) Chrome/51.0.2704.106 Safari/537.36"
::1 - - [24/Jul/2016:08:22:14 +0000] "GET /stylesheets/elements.css HTTP/1.1" 200 12389 "http://localhost:3000/" "Mozilla/5.0 (Windows NT 10.0; WOW64) AppleWebKit/537.36 (KHTML, like Gecko) Chrome/51.0.2704.106 Safari/537.36"
::1 - - [24/Jul/2016:08:22:14 +0000] "GET /stylesheets/slimmenu.css HTTP/1.1" 200 3823 "http://localhost:3000/" "Mozilla/5.0 (Windows NT 10.0; WOW64) AppleWebKit/537.36 (KHTML, like Gecko) Chrome/51.0.2704.106 Safari/537.36"
::1 - - [24/Jul/2016:08:22:14 +0000] "GET /stylesheets/main.css HTTP/1.1" 200 44547 "http://localhost:3000/" "Mozilla/5.0 (Windows NT 10.0; WOW64) AppleWebKit/537.36 (KHTML, like Gecko) Chrome/51.0.2704.106 Safari/537.36"
::1 - - [24/Jul/2016:08:22:14 +0000] "GET /stylesheets/main-bg.css HTTP/1.1" 200 1470 "http://localhost:3000/" "Mozilla/5.0 (Windows NT 10.0; WOW64) AppleWebKit/537.36 (KHTML, like Gecko) Chrome/51.0.2704.106 Safari/537.36"
::1 - - [24/Jul/2016:08:22:14 +0000] "GET /stylesheets/main-responsive.css HTTP/1.1" 200 5277 "http://localhost:3000/" "Mozilla/5.0 (Windows NT 10.0; WOW64) AppleWebKit/537.36 (KHTML, like Gecko) Chrome/51.0.2704.106 Safari/537.36"
::1 - - [24/Jul/2016:08:22:15 +0000] "GET /home.js HTTP/1.1" 200 1600 "http://localhost:3000/" "Mozilla/5.0 (Windows NT 10.0; WOW64) AppleWebKit/537.36 (KHTML, like Gecko) Chrome/51.0.2704.106 Safari/537.36"
::1 - - [24/Jul/2016:08:22:15 +0000] "GET /jquery.min.js HTTP/1.1" 200 85578 "http://localhost:3000/" "Mozilla/5.0 (Windows NT 10.0; WOW64) AppleWebKit/537.36 (KHTML, like Gecko) Chrome/51.0.2704.106 Safari/537.36"
::1 - - [24/Jul/2016:08:22:15 +0000] "GET /favicon.ico HTTP/1.1" 404 24 "http://localhost:3000/" "Mozilla/5.0 (Windows NT 10.0; WOW64) AppleWebKit/537.36 (KHTML, like Gecko) Chrome/51.0.2704.106 Safari/537.36"
::1 - - [24/Jul/2016:08:22:17 +0000] "GET / HTTP/1.1" 200 254520 "-" "Mozilla/5.0 (Windows NT 10.0; WOW64) AppleWebKit/537.36 (KHTML, like Gecko) Chrome/51.0.2704.106 Safari/537.36"
::1 - - [24/Jul/2016:08:22:19 +0000] "GET /jquery.min.js HTTP/1.1" 206 1 "http://localhost:3000/" "Mozilla/5.0 (Windows NT 10.0; WOW64) AppleWebKit/537.36 (KHTML, like Gecko) Chrome/51.0.2704.106 Safari/537.36"
::1 - - [24/Jul/2016:08:22:19 +0000] "GET /jquery.min.js HTTP/1.1" 206 85200 "http://localhost:3000/" "Mozilla/5.0 (Windows NT 10.0; WOW64) AppleWebKit/537.36 (KHTML, like Gecko) Chrome/51.0.2704.106 Safari/537.36"
::1 - - [24/Jul/2016:08:22:19 +0000] "GET /fonts/ionicons/ionicons.ttf?v=2.0.1 HTTP/1.1" 200 188508 "http://localhost:3000/stylesheets/ionicons.min.css" "Mozilla/5.0 (Windows NT 10.0; WOW64) AppleWebKit/537.36 (KHTML, like Gecko) Chrome/51.0.2704.106 Safari/537.36"
::1 - - [24/Jul/2016:08:22:20 +0000] "GET /api/rooms HTTP/1.1" 200 271 "http://localhost:3000/" "Mozilla/5.0 (Windows NT 10.0; WOW64) AppleWebKit/537.36 (KHTML, like Gecko) Chrome/51.0.2704.106 Safari/537.36"
::1 - - [24/Jul/2016:08:22:20 +0000] "GET /api/rooms/f2754172-1c58-41ed-ae84-74e046888adb/messages HTTP/1.1" 200 573 "http://localhost:3000/" "Mozilla/5.0 (Windows NT 10.0; WOW64) AppleWebKit/537.36 (KHTML, like Gecko) Chrome/51.0.2704.106 Safari/537.36"
::1 - - [24/Jul/2016:08:38:17 +0000] "GET /login HTTP/1.1" 200 261389 "-" "Mozilla/5.0 (Windows NT 10.0; WOW64) AppleWebKit/537.36 (KHTML, like Gecko) Chrome/51.0.2704.106 Safari/537.36"
::1 - - [24/Jul/2016:08:38:18 +0000] "GET /style.css HTTP/1.1" 304 - "http://localhost:3000/login" "Mozilla/5.0 (Windows NT 10.0; WOW64) AppleWebKit/537.36 (KHTML, like Gecko) Chrome/51.0.2704.106 Safari/537.36"
::1 - - [24/Jul/2016:08:38:18 +0000] "GET /css/bootstrap.min.css HTTP/1.1" 304 - "http://localhost:3000/login" "Mozilla/5.0 (Windows NT 10.0; WOW64) AppleWebKit/537.36 (KHTML, like Gecko) Chrome/51.0.2704.106 Safari/537.36"
::1 - - [24/Jul/2016:08:38:24 +0000] "GET /login HTTP/1.1" 200 261729 "http://localhost:3000/login" "Mozilla/5.0 (Windows NT 10.0; WOW64) AppleWebKit/537.36 (KHTML, like Gecko) Chrome/51.0.2704.106 Safari/537.36"
::1 - - [24/Jul/2016:08:38:24 +0000] "GET /style.css HTTP/1.1" 304 - "http://localhost:3000/login" "Mozilla/5.0 (Windows NT 10.0; WOW64) AppleWebKit/537.36 (KHTML, like Gecko) Chrome/51.0.2704.106 Safari/537.36"
::1 - - [24/Jul/2016:08:38:24 +0000] "GET /css/bootstrap.min.css HTTP/1.1" 304 - "http://localhost:3000/login" "Mozilla/5.0 (Windows NT 10.0; WOW64) AppleWebKit/537.36 (KHTML, like Gecko) Chrome/51.0.2704.106 Safari/537.36"
::1 - - [24/Jul/2016:08:38:25 +0000] "GET /api/rooms/f2754172-1c58-41ed-ae84-74e046888adb/messages HTTP/1.1" 304 - "http://localhost:3000/" "Mozilla/5.0 (Windows NT 10.0; WOW64) AppleWebKit/537.36 (KHTML, like Gecko) Chrome/51.0.2704.106 Safari/537.36"
::1 - - [24/Jul/2016:08:38:30 +0000] "GET /login HTTP/1.1" 200 261141 "-" "Mozilla/5.0 (Windows NT 10.0; WOW64) AppleWebKit/537.36 (KHTML, like Gecko) Chrome/51.0.2704.106 Safari/537.36"
::1 - - [24/Jul/2016:08:38:31 +0000] "GET /style.css HTTP/1.1" 304 - "http://localhost:3000/login" "Mozilla/5.0 (Windows NT 10.0; WOW64) AppleWebKit/537.36 (KHTML, like Gecko) Chrome/51.0.2704.106 Safari/537.36"
::1 - - [24/Jul/2016:08:38:31 +0000] "GET /css/bootstrap.min.css HTTP/1.1" 304 - "http://localhost:3000/login" "Mozilla/5.0 (Windows NT 10.0; WOW64) AppleWebKit/537.36 (KHTML, like Gecko) Chrome/51.0.2704.106 Safari/537.36"
